2025-08-29 22:35:24,741 - delhi_rent_forecasting - INFO - Loading processed data from D:\delhi-rent-forecasting\data\processed\delhi_rentals_processed.csv...
2025-08-29 22:36:30,870 - delhi_rent_forecasting - INFO - Loading processed data from D:\delhi-rent-forecasting\data\processed\delhi_rentals_processed.csv...
2025-08-29 22:36:30,870 - delhi_rent_forecasting - INFO - Loading processed data from D:\delhi-rent-forecasting\data\processed\delhi_rentals_processed.csv...
2025-08-29 22:40:01,957 - delhi_rent_forecasting - INFO - Loading processed data from D:\delhi-rent-forecasting\data\processed\processed_rentals.csv...
2025-08-29 22:40:01,957 - delhi_rent_forecasting - INFO - Loading processed data from D:\delhi-rent-forecasting\data\processed\processed_rentals.csv...
2025-08-29 22:46:02,904 - __main__ - INFO - Loading processed data from D:\delhi-rent-forecasting\data\processed\processed_rentals.csv...
2025-08-29 22:46:07,093 - __main__ - INFO - Training Linear Regression model...
2025-08-29 22:49:46,721 - __main__ - INFO - Loading raw dataset from D:\delhi-rent-forecasting\data\raw\delhi_rentals.csv...
2025-08-29 22:49:46,745 - __main__ - INFO - Cleaning data...
2025-08-29 22:49:46,749 - __main__ - INFO - Generating 1000 synthetic rows with Faker...
2025-08-29 22:49:46,927 - __main__ - INFO - New dataset size after augmentation: (6000, 23)
2025-08-29 22:49:46,928 - __main__ - WARNING - NaN values detected in target column 'rent'. Filling with median...
2025-08-29 22:49:46,933 - __main__ - WARNING - NaN values detected in columns: ['house_type', 'house_size', 'city', 'latitude', 'longitude', 'price', 'currency', 'numBathrooms', 'numBalconies', 'isNegotiable', 'priceSqFt', 'verificationDate', 'description', 'SecurityDeposit', 'Status', 'bhk', 'bathroom', 'size', 'furnishing', 'tenant_preferred', 'point_of_contact']. Filling with forward fill...
2025-08-29 22:49:46,946 - __main__ - WARNING - Dropping constant columns (no variance): ['city', 'currency', 'isNegotiable', 'priceSqFt']
2025-08-29 22:49:46,949 - __main__ - INFO - Encoding categorical features: ['house_type', 'house_size', 'location', 'verificationDate', 'description', 'SecurityDeposit', 'Status', 'furnishing', 'tenant_preferred', 'point_of_contact']
2025-08-29 22:49:46,950 - __main__ - INFO - Scaling numerical features: ['latitude', 'longitude', 'price', 'numBathrooms', 'numBalconies', 'bhk', 'bathroom', 'size']
2025-08-29 22:50:11,255 - __main__ - INFO - Processed dataset saved at D:\delhi-rent-forecasting\data\processed\processed_rentals.csv
2025-08-29 22:50:32,478 - __main__ - INFO - Loading processed data from D:\delhi-rent-forecasting\data\processed\processed_rentals.csv...
2025-08-29 22:50:36,544 - __main__ - INFO - Training Linear Regression model...
2025-08-29 22:51:17,839 - __main__ - INFO - Model saved to D:\delhi-rent-forecasting\models\saved_models\rent_model.pkl
2025-08-29 22:57:29,827 - __main__ - INFO - Loading raw dataset from D:\delhi-rent-forecasting\data\raw\delhi_rentals.csv...
2025-08-29 22:57:29,852 - __main__ - INFO - Cleaning data...
2025-08-29 22:57:29,855 - __main__ - INFO - Generating 1000 synthetic rows with Faker...
2025-08-29 22:57:30,040 - __main__ - INFO - New dataset size after augmentation: (6000, 23)
2025-08-29 22:57:30,044 - __main__ - WARNING - NaN values detected in columns: ['house_type', 'house_size', 'city', 'latitude', 'longitude', 'price', 'currency', 'numBathrooms', 'numBalconies', 'isNegotiable', 'priceSqFt', 'verificationDate', 'description', 'SecurityDeposit', 'Status', 'bhk', 'bathroom', 'size', 'rent', 'furnishing', 'tenant_preferred', 'point_of_contact']. Filling with forward fill...
2025-08-29 22:57:30,060 - __main__ - WARNING - Dropping constant columns (no variance): ['city', 'currency', 'isNegotiable', 'priceSqFt']
2025-08-29 22:57:30,064 - __main__ - INFO - Encoding categorical features: ['house_type', 'house_size', 'location', 'verificationDate', 'description', 'SecurityDeposit', 'Status', 'furnishing', 'tenant_preferred', 'point_of_contact']
2025-08-29 22:57:30,065 - __main__ - INFO - Scaling numerical features: ['latitude', 'longitude', 'price', 'numBathrooms', 'numBalconies', 'bhk', 'bathroom', 'size']
2025-08-29 22:57:55,744 - __main__ - INFO - Processed dataset saved at D:\delhi-rent-forecasting\data\processed\processed_rentals.csv
2025-08-29 22:57:55,752 - __main__ - INFO - Preprocessor pipeline saved at D:\delhi-rent-forecasting\models\saved_models\preprocessor.pkl
